<?xml version="1.0" encoding="UTF-8"?>
<testng-results skipped="0" failed="0" total="1" passed="1">
  <reporter-output>
  </reporter-output>
  <suite name="Default suite" duration-ms="51265" started-at="2013-08-04T16:25:34Z" finished-at="2013-08-04T16:26:25Z">
    <groups>
    </groups>
    <test name="Default test" duration-ms="51265" started-at="2013-08-04T16:25:34Z" finished-at="2013-08-04T16:26:25Z">
      <class name="assignment.SingInCnn">
        <test-method status="PASS" signature="beforeMethod()[pri:0, instance:assignment.SingInCnn@37f92637]" name="beforeMethod" is-config="true" duration-ms="34694" started-at="2013-08-04T12:25:34Z" finished-at="2013-08-04T12:26:08Z">
          <reporter-output>
          </reporter-output>
        </test-method> <!-- beforeMethod -->
        <test-method status="PASS" signature="test1()[pri:0, instance:assignment.SingInCnn@37f92637]" name="test1" duration-ms="13508" started-at="2013-08-04T12:26:08Z" finished-at="2013-08-04T12:26:22Z">
          <reporter-output>
          </reporter-output>
        </test-method> <!-- test1 -->
        <test-method status="PASS" signature="afterMethod()[pri:0, instance:assignment.SingInCnn@37f92637]" name="afterMethod" is-config="true" duration-ms="3048" started-at="2013-08-04T12:26:22Z" finished-at="2013-08-04T12:26:25Z">
          <reporter-output>
          </reporter-output>
        </test-method> <!-- afterMethod -->
      </class> <!-- assignment.SingInCnn -->
    </test> <!-- Default test -->
  </suite> <!-- Default suite -->
</testng-results>
